Determining if the pthread_create exist failed with the following output:
Change Dir: /home/karan/DRC/affordance_templates/affordance_template_recorder/build/CMakeFiles/CMakeTmp

Run Build Command:/usr/bin/make "cmTryCompileExec1774218340/fast"
make[1]: Entering directory `/home/karan/DRC/affordance_templates/affordance_template_recorder/build/CMakeFiles/CMakeTmp'
/usr/bin/make -f CMakeFiles/cmTryCompileExec1774218340.dir/build.make CMakeFiles/cmTryCompileExec1774218340.dir/build
make[2]: Entering directory `/home/karan/DRC/affordance_templates/affordance_template_recorder/build/CMakeFiles/CMakeTmp'
/usr/bin/cmake -E cmake_progress_report /home/karan/DRC/affordance_templates/affordance_template_recorder/build/CMakeFiles/CMakeTmp/CMakeFiles 1
Building C object CMakeFiles/cmTryCompileExec1774218340.dir/CheckSymbolExists.c.o
/usr/bin/cc    -o CMakeFiles/cmTryCompileExec1774218340.dir/CheckSymbolExists.c.o   -c /home/karan/DRC/affordance_templates/affordance_template_recorder/build/CMakeFiles/CMakeTmp/CheckSymbolExists.c
Linking C executable cmTryCompileExec1774218340
/usr/bin/cmake -E cmake_link_script CMakeFiles/cmTryCompileExec1774218340.dir/link.txt --verbose=1
/usr/bin/cc       CMakeFiles/cmTryCompileExec1774218340.dir/CheckSymbolExists.c.o  -o cmTryCompileExec1774218340 -rdynamic 
CMakeFiles/cmTryCompileExec1774218340.dir/CheckSymbolExists.c.o: In function `main':
CheckSymbolExists.c:(.text+0x16): undefined reference to `pthread_create'
collect2: error: ld returned 1 exit status
make[2]: Leaving directory `/home/karan/DRC/affordance_templates/affordance_template_recorder/build/CMakeFiles/CMakeTmp'
make[2]: *** [cmTryCompileExec1774218340] Error 1
make[1]: *** [cmTryCompileExec1774218340/fast] Error 2
make[1]: Leaving directory `/home/karan/DRC/affordance_templates/affordance_template_recorder/build/CMakeFiles/CMakeTmp'

File /home/karan/DRC/affordance_templates/affordance_template_recorder/build/CMakeFiles/CMakeTmp/CheckSymbolExists.c:
/* */
#include <pthread.h>

int main(int argc, char** argv)
{
  (void)argv;
#ifndef pthread_create
  return ((int*)(&pthread_create))[argc];
#else
  (void)argc;
  return 0;
#endif
}

Determining if the function pthread_create exists in the pthreads failed with the following output:
Change Dir: /home/karan/DRC/affordance_templates/affordance_template_recorder/build/CMakeFiles/CMakeTmp

Run Build Command:/usr/bin/make "cmTryCompileExec3035988890/fast"
make[1]: Entering directory `/home/karan/DRC/affordance_templates/affordance_template_recorder/build/CMakeFiles/CMakeTmp'
/usr/bin/make -f CMakeFiles/cmTryCompileExec3035988890.dir/build.make CMakeFiles/cmTryCompileExec3035988890.dir/build
make[2]: Entering directory `/home/karan/DRC/affordance_templates/affordance_template_recorder/build/CMakeFiles/CMakeTmp'
/usr/bin/cmake -E cmake_progress_report /home/karan/DRC/affordance_templates/affordance_template_recorder/build/CMakeFiles/CMakeTmp/CMakeFiles 1
Building C object CMakeFiles/cmTryCompileExec3035988890.dir/CheckFunctionExists.c.o
/usr/bin/cc   -DCHECK_FUNCTION_EXISTS=pthread_create   -o CMakeFiles/cmTryCompileExec3035988890.dir/CheckFunctionExists.c.o   -c /usr/share/cmake-2.8/Modules/CheckFunctionExists.c
Linking C executable cmTryCompileExec3035988890
/usr/bin/cmake -E cmake_link_script CMakeFiles/cmTryCompileExec3035988890.dir/link.txt --verbose=1
/usr/bin/cc   -DCHECK_FUNCTION_EXISTS=pthread_create    CMakeFiles/cmTryCompileExec3035988890.dir/CheckFunctionExists.c.o  -o cmTryCompileExec3035988890 -rdynamic -lpthreads 
/usr/bin/ld: cannot find -lpthreads
collect2: error: ld returned 1 exit status
make[2]: *** [cmTryCompileExec3035988890] Error 1
make[2]: Leaving directory `/home/karan/DRC/affordance_templates/affordance_template_recorder/build/CMakeFiles/CMakeTmp'
make[1]: *** [cmTryCompileExec3035988890/fast] Error 2
make[1]: Leaving directory `/home/karan/DRC/affordance_templates/affordance_template_recorder/build/CMakeFiles/CMakeTmp'


